{
  "RSpec": {
    "coverage": {
      "/Users/student/Projects/pairingSessions2/bookmark_manager/spec/features/bookmark_spec.rb": [
        1,
        1,
        1,
        1,
        1,
        null,
        null
      ],
      "/Users/student/Projects/pairingSessions2/bookmark_manager/spec/features/index_spec.rb": [
        1,
        1,
        1,
        1,
        1,
        null,
        null
      ],
      "/Users/student/Projects/pairingSessions2/bookmark_manager/spec/units/bookmark_manager_spec.rb": [
        1,
        null,
        1,
        2,
        1,
        1,
        1,
        null,
        null,
        null
      ],
      "/Users/student/Projects/pairingSessions2/bookmark_manager/lib/bookmark_manager.rb": [
        1,
        null,
        1,
        2,
        null,
        null,
        null
      ]
    },
    "timestamp": 1563197612
  }
}
