{
  "RSpec": {
    "coverage": {
      "/Users/student/Documents/projects/bookmark_manager/spec/features/bookmark_spec.rb": [
        null,
        null,
        1,
        1,
        1,
        1,
        1,
        null,
        null
      ],
      "/Users/student/Documents/projects/bookmark_manager/spec/features/index_spec.rb": [
        null,
        null,
        1,
        1,
        1,
        1,
        1,
        null,
        null
      ],
      "/Users/student/Documents/projects/bookmark_manager/spec/units/bookmark_manager_spec.rb": [
        null,
        null,
        1,
        null,
        1,
        1,
        1,
        1,
        1,
        1,
        1,
        1,
        null,
        null,
        null
      ]
    },
    "timestamp": 1563202587
  }
}
